c:\users\edoar\source\repos\chat\x64\release\vc143.pdb
c:\users\edoar\source\repos\chat\x64\release\imgui_widgets.obj
c:\users\edoar\source\repos\chat\x64\release\imgui_tables.obj
c:\users\edoar\source\repos\chat\x64\release\imgui_impl_win32.obj
c:\users\edoar\source\repos\chat\x64\release\imgui_impl_dx9.obj
c:\users\edoar\source\repos\chat\x64\release\imgui_impl_dx11.obj
c:\users\edoar\source\repos\chat\x64\release\imgui_draw.obj
c:\users\edoar\source\repos\chat\x64\release\imgui_demo.obj
c:\users\edoar\source\repos\chat\x64\release\imgui.obj
c:\users\edoar\source\repos\chat\x64\release\user.obj
c:\users\edoar\source\repos\chat\x64\release\enginegui.obj
c:\users\edoar\source\repos\chat\x64\release\main.obj
c:\users\edoar\source\repos\chat\x64\release\httpsconnection.obj
c:\users\edoar\source\repos\chat\x64\release\gui.obj
c:\users\edoar\source\repos\chat\x64\release\chat.ipdb
c:\users\edoar\source\repos\chat\x64\release\chat.iobj
c:\users\edoar\source\repos\chat\x64\release\chat.exe
c:\users\edoar\source\repos\chat\x64\release\chat.pdb
c:\users\edoar\source\repos\chat\x64\release\chat.obj
c:\users\edoar\source\repos\chat\x64\release\chat.tlog\cl.command.1.tlog
c:\users\edoar\source\repos\chat\x64\release\chat.tlog\cl.items.tlog
c:\users\edoar\source\repos\chat\x64\release\chat.tlog\cl.read.1.tlog
c:\users\edoar\source\repos\chat\x64\release\chat.tlog\cl.write.1.tlog
c:\users\edoar\source\repos\chat\x64\release\chat.tlog\link.command.1.tlog
c:\users\edoar\source\repos\chat\x64\release\chat.tlog\link.read.1.tlog
c:\users\edoar\source\repos\chat\x64\release\chat.tlog\link.write.1.tlog
c:\users\edoar\source\repos\chat\x64\release\chat.tlog\link.write.2u.tlog
