c:\users\edoar\source\repos\chat\release\chat.ipdb
c:\users\edoar\source\repos\chat\release\chat.iobj
c:\users\edoar\source\repos\chat\release\vc142.pdb
c:\users\edoar\source\repos\chat\release\imgui_widgets.obj
c:\users\edoar\source\repos\chat\release\imgui_tables.obj
c:\users\edoar\source\repos\chat\release\imgui_impl_win32.obj
c:\users\edoar\source\repos\chat\release\imgui_impl_dx9.obj
c:\users\edoar\source\repos\chat\release\imgui_impl_dx11.obj
c:\users\edoar\source\repos\chat\release\imgui_draw.obj
c:\users\edoar\source\repos\chat\release\imgui_demo.obj
c:\users\edoar\source\repos\chat\release\imgui.obj
c:\users\edoar\source\repos\chat\release\user.obj
c:\users\edoar\source\repos\chat\release\main.obj
c:\users\edoar\source\repos\chat\release\gui.obj
c:\users\edoar\source\repos\chat\release\engine.obj
c:\users\edoar\source\repos\chat\release\clientchat.obj
c:\users\edoar\source\repos\chat\release\cpprest142_2_10.dll
c:\users\edoar\source\repos\chat\release\chat.exe
c:\users\edoar\source\repos\chat\release\chat.pdb
c:\users\edoar\source\repos\chat\release\chat.tlog\chat.write.1u.tlog
c:\users\edoar\source\repos\chat\release\chat.tlog\cl.command.1.tlog
c:\users\edoar\source\repos\chat\release\chat.tlog\cl.read.1.tlog
c:\users\edoar\source\repos\chat\release\chat.tlog\cl.write.1.tlog
c:\users\edoar\source\repos\chat\release\chat.tlog\copylocal.read.1u.tlog
c:\users\edoar\source\repos\chat\release\chat.tlog\copylocal.write.1u.tlog
c:\users\edoar\source\repos\chat\release\chat.tlog\link.command.1.tlog
c:\users\edoar\source\repos\chat\release\chat.tlog\link.read.1.tlog
c:\users\edoar\source\repos\chat\release\chat.tlog\link.write.1.tlog
